<?xml version="1.0" encoding="UTF-8"?>
<robot generator="Robot 5.0.1 (Python 3.10.4 on win32)" generated="20221010 16:36:03.618" rpa="false" schemaversion="3">
<suite id="s1" name="Curso Udemi" source="C:\Curso_Udemi">
<suite id="s1-s1" name="Webtest" source="C:\Curso_Udemi\Webtest">
<suite id="s1-s1-s1" name="Amazon Test" source="C:\Curso_Udemi\Webtest\amazon_test.robot">
<test id="s1-s1-s1-t1" name="Cases Test 01" line="7">
<kw name="Abrir o navegador" library="amazon_resources" type="SETUP">
<kw name="Open Browser" library="SeleniumLibrary">
<arg>browser=chrome</arg>
<doc>Opens a new browser instance to the optional ``url``.</doc>
<msg timestamp="20221010 16:36:07.893" level="INFO">Opening browser 'chrome' to base url 'None'.</msg>
<msg timestamp="20221010 16:36:15.169" level="INFO">Cannot capture screenshot because no browser is open.</msg>
<msg timestamp="20221010 16:36:15.172" level="FAIL">SessionNotCreatedException: Message: session not created: This version of ChromeDriver only supports Chrome version 101
Current browser version is 106.0.5249.103 with binary path C:\Program Files (x86)\Google\Chrome\Application\chrome.exe
Stacktrace:
Backtrace:
	Ordinal0 [0x00C9B8F3+2406643]
	Ordinal0 [0x00C2AF31+1945393]
	Ordinal0 [0x00B1C748+837448]
	Ordinal0 [0x00B3C8B3+968883]
	Ordinal0 [0x00B384BA+951482]
	Ordinal0 [0x00B35D71+941425]
	Ordinal0 [0x00B68EE0+1150688]
	Ordinal0 [0x00B68B3A+1149754]
	Ordinal0 [0x00B64096+1130646]
	Ordinal0 [0x00B3E636+976438]
	Ordinal0 [0x00B3F546+980294]
	GetHandleVerifier [0x00F09612+2498066]
	GetHandleVerifier [0x00EFC920+2445600]
	GetHandleVerifier [0x00D34F2A+579370]
	GetHandleVerifier [0x00D33D36+574774]
	Ordinal0 [0x00C31C0B+1973259]
	Ordinal0 [0x00C36688+1992328]
	Ordinal0 [0x00C36775+1992565]
	Ordinal0 [0x00C3F8D1+2029777]
	BaseThreadInitThunk [0x7618FA29+25]
	RtlGetAppContainerNamedObjectPath [0x774D7B5E+286]
	RtlGetAppContainerNamedObjectPath [0x774D7B2E+238]
</msg>
<status status="FAIL" starttime="20221010 16:36:07.892" endtime="20221010 16:36:15.181"/>
</kw>
<status status="FAIL" starttime="20221010 16:36:07.890" endtime="20221010 16:36:15.183"/>
</kw>
<kw name="Fechar o navegador" library="amazon_resources" type="TEARDOWN">
<kw name="Close Browser" library="SeleniumLibrary">
<doc>Closes the current browser.</doc>
<status status="PASS" starttime="20221010 16:36:15.186" endtime="20221010 16:36:15.187"/>
</kw>
<status status="PASS" starttime="20221010 16:36:15.185" endtime="20221010 16:36:15.187"/>
</kw>
<doc>Este verfica o menu do site amazon</doc>
<tag>categorias</tag>
<tag>Menus</tag>
<status status="FAIL" starttime="20221010 16:36:07.884" endtime="20221010 16:36:15.188">Setup failed:
SessionNotCreatedException: Message: session not created: This version of ChromeDriver only supports Chrome version 101
Current browser version is 106.0.5249.103 with binary path C:\Program Files (x86)\Google\Chrome\Application\chrome.exe
Stacktrace:
Backtrace:
	Ordinal0 [0x00C9B8F3+2406643]
	Ordinal0 [0x00C2AF31+1945393]
	Ordinal0 [0x00B1C748+837448]
	Ordinal0 [0x00B3C8B3+968883]
	Ordinal0 [0x00B384BA+951482]
	Ordinal0 [0x00B35D71+941425]
	Ordinal0 [0x00B68EE0+1150688]
	Ordinal0 [0x00B68B3A+1149754]
	Ordinal0 [0x00B64096+1130646]
	Ordinal0 [0x00B3E636+976438]
	Ordinal0 [0x00B3F546+980294]
	GetHandleVerifier [0x00F09612+2498066]
	GetHandleVerifier [0x00EFC920+2445600]
	GetHandleVerifier [0x00D34F2A+579370]
	GetHandleVerifier [0x00D33D36+574774]
	Ordinal0 [0x00C31C0B+1973259]
	Ordinal0 [0x00C36688+1992328]
	Ordinal0 [0x00C36775+1992565]
	Ordinal0 [0x00C3F8D1+2029777]
	BaseThreadInitThunk [0x7618FA29+25]
	RtlGetAppContainerNamedObjectPath [0x774D7B5E+286]
	RtlGetAppContainerNamedObjectPath [0x774D7B2E+238]
</status>
</test>
<status status="FAIL" starttime="20221010 16:36:03.750" endtime="20221010 16:36:15.199"/>
</suite>
<status status="FAIL" starttime="20221010 16:36:03.737" endtime="20221010 16:36:15.206"/>
</suite>
<status status="FAIL" starttime="20221010 16:36:03.630" endtime="20221010 16:36:15.212"/>
</suite>
<statistics>
<total>
<stat pass="0" fail="1" skip="0">All Tests</stat>
</total>
<tag>
<stat pass="0" fail="1" skip="0">categorias</stat>
<stat pass="0" fail="1" skip="0">Menus</stat>
</tag>
<suite>
<stat pass="0" fail="1" skip="0" id="s1" name="Curso Udemi">Curso Udemi</stat>
<stat pass="0" fail="1" skip="0" id="s1-s1" name="Webtest">Curso Udemi.Webtest</stat>
<stat pass="0" fail="1" skip="0" id="s1-s1-s1" name="Amazon Test">Curso Udemi.Webtest.Amazon Test</stat>
</suite>
</statistics>
<errors>
<msg timestamp="20221010 16:36:03.588" level="ERROR">Error in file 'C:\Curso_Udemi\Webtest\amazon_test.robot' on line 2: Non-existing setting '[Documentation]'. Did you mean:
    Documentation</msg>
</errors>
</robot>
00B68B3A+1149754]
	Ordinal0 [0x00B64096+1130646]
	Ordinal0 [0x00B3E636+976438]
	Ordinal0 [0x00B3F546+980294]
	GetHandleVerifier [0x00F09612+2498066]
	GetHandleVerifier [0x00EFC920+2445600]
	GetHandleVerifier [0x00D34F2A+579370]
	GetHandleVerifier [0x00D33D36+574774]
	Ordinal0 [0x00C31C0B+1973259]
	Ordinal0 [0x00C36688+1992328]
	Ordinal0 [0x00C36775+1992565]
	Ordinal0 [0x00C3F8D1+2029777]
	BaseThreadInitThunk [0x7618FA29+25]
	RtlGetAppContainerNamedObjectPath [0x774D7B5E+286]
	RtlGetAppContainerNamedObjectPath [0x774D7B2E+238]
</msg>
<status status="FAIL" starttime="20221010 16:36:03.160" endtime="20221010 16:36:09.547"/>
</kw>
<status status="FAIL" starttime="20221010 16:36:03.158" endtime="20221010 16:36:09.557"/>
</kw>
<kw name="Fechar o navegador" library="amazon_resources" type="TEARDOWN">
<kw name="Close Browser" library="SeleniumLibrary">
<doc>Closes the current browser.</doc>
<status status="PASS" starttime="20221010 16:36:09.630" endtime="20221010 16:36:09.635"/>
</kw>
<status status="PASS" starttime="20221010 16:36:09.624" endtime="20221010 16:36:09.643"/>
</kw>
<doc>Este teste verifica os produtos da amazon</doc>
<tag>Busca_produtos</tag>
<status status="FAIL" starttime="20221010 16:36:03.155" endtime="20221010 16:36:09.659">Setup failed:
SessionNotCreatedException: Message: session not created: This version of ChromeDriver only supports Chrome version 101
Current browser version is 106.0.5249.103 with binary path C:\Program Files (x86)\Google\Chrome\Application\chrome.exe
Stacktrace:
Backtrace:
	Ordinal0 [0x00C9B8F3+2406643]
	Ordinal0 [0x00C2AF31+1945393]
	Ordinal0 [0x00B1C748+837448]
	Ordinal0 [0x00B3C8B3+968883]
	Ordinal0 [0x00B384BA+951482]
	Ordinal0 [0x00B35D71+941425]
	Ordinal0 [0x00B68EE0+1150688]
	Ordinal0 [0x00B68B3A+1149754]
	Ordinal0 [0x00B64096+1130646]
	Ordinal0 [0x00B3E636+976438]
	Ordinal0 [0x00B3F546+980294]
	GetHandleVerifier [0x00F09612+2498066]
	GetHandleVerifier [0x00EFC920+2445600]
	GetHandleVerifier [0x00D34F2A+579370]
	GetHandleVerifier [0x00D33D36+574774]
	Ordinal0 [0x00C31C0B+1973259]
	Ordinal0 [0x00C36688+1992328]
	Ordinal0 [0x00C36775+1992565]
	Ordinal0 [0x00C3F8D1+2029777]
	BaseThreadInitThunk [0x7618FA29+25]
	RtlGetAppContainerNamedObjectPath [0x774D7B5E+286]
	RtlGetAppContainerNamedObjectPath [0x774D7B2E+238]
</status>
</test>
<status status="FAIL" starttime="20221010 16:35:56.124" endtime="20221010 16:36:09.811"/>
</suite>
<status status="FAIL" starttime="20221010 16:35:56.117" endtime="20221010 16:36:09.884"/>
</suite>
<status status="FAIL" starttime="20221010 16:35:56.051" endtime="20221010 16:36:09.922"/>
</suite>
<statistics>
<total>
<stat pass="0" fail="2" skip="0">All Tests</stat>
</total>
<tag>
<stat pass="0" fail="1" skip="0">Busca_produtos</stat>
<stat pass="0" fail="1" skip="0">categorias</stat>
<stat pass="0" fail="1" skip="0">Menus</stat>
</tag>
<suite>
<stat pass="0" fail="2" skip="0" id="s1" name="Curso Udemi">Curso Udemi</stat>
<stat pass="0" fail="2" skip="0" id="s1-s1" name="Webtest">Curso Udemi.Webtest</stat>
<stat pass="0" fail="2" skip="0" id="s1-s1-s1" name="Amazon Test">Curso Udemi.Webtest.Amazon Test</stat>
</suite>
</statistics>
<errors>
<msg timestamp="20221010 16:35:56.017" level="ERROR">Error in file 'C:\Curso_Udemi\Webtest\amazon_test.robot' on line 2: Non-existing setting '[Documentation]'. Did you mean:
    Documentation</msg>
</errors>
</robot>
